<?xml version="1.0" encoding="UTF-8"?>
<!-- Generated by org.testng.reporters.JUnitXMLReporter -->
<testsuite ignored="6" hostname="INBOOK_X2_GEN11" failures="0" tests="3" name="Test" time="0.071" errors="0" timestamp="2025-11-13T11:51:23 IST">
  <testcase classname="com.depends.grouping.Group2" name="m1" time="0.011"/>
  <testcase classname="com.depends.grouping.Group2" name="m2" time="0.002"/>
  <testcase classname="com.depends.grouping.Group2" name="m3" time="0.003"/>
  <testcase classname="com.depends.grouping.Group" name="m1" time="0.0">
    <ignored/>
  </testcase> <!-- m1 -->
  <testcase classname="com.depends.grouping.Group" name="m2" time="0.0">
    <ignored/>
  </testcase> <!-- m2 -->
  <testcase classname="com.depends.grouping.Group" name="m3" time="0.0">
    <ignored/>
  </testcase> <!-- m3 -->
  <testcase classname="com.depends.grouping.Group3" name="m1" time="0.0">
    <ignored/>
  </testcase> <!-- m1 -->
  <testcase classname="com.depends.grouping.Group3" name="m2" time="0.0">
    <ignored/>
  </testcase> <!-- m2 -->
  <testcase classname="com.depends.grouping.Group3" name="m3" time="0.0">
    <ignored/>
  </testcase> <!-- m3 -->
</testsuite> <!-- Test -->
