<?xml version="1.0" encoding="UTF-8"?>
<!-- Generated by org.testng.reporters.JUnitReportReporter -->
<testsuite hostname="INBOOK_X2_GEN11" failures="0" tests="3" name="com.depends.grouping.Group" time="0.014" errors="0" timestamp="2025-11-13T11:49:57 IST" skipped="0">
  <testcase classname="com.depends.grouping.Group" name="m3" time="0.003"/>
  <testcase classname="com.depends.grouping.Group" name="m2" time="0.002"/>
  <testcase classname="com.depends.grouping.Group" name="m1" time="0.009"/>
</testsuite> <!-- com.depends.grouping.Group -->
