<?xml version="1.0" encoding="UTF-8"?>
<!-- Generated by org.testng.reporters.JUnitReportReporter -->
<testsuite hostname="INBOOK_X2_GEN11" failures="0" tests="3" name="com.depends.grouping.Group2" time="0.016" errors="0" timestamp="2025-11-13T11:51:23 IST" skipped="0">
  <testcase classname="com.depends.grouping.Group2" name="m3" time="0.003"/>
  <testcase classname="com.depends.grouping.Group2" name="m2" time="0.002"/>
  <testcase classname="com.depends.grouping.Group2" name="m1" time="0.011"/>
</testsuite> <!-- com.depends.grouping.Group2 -->
