<?xml version="1.0" encoding="UTF-8"?>
<!-- Generated by org.testng.reporters.JUnitReportReporter -->
<testsuite hostname="INBOOK_X2_GEN11" failures="0" tests="5" name="com.testng.Demo.TestNGDemo" time="0.018" errors="0" timestamp="2025-10-30T16:16:24 IST" skipped="0">
  <testcase classname="com.testng.Demo.TestNGDemo" name="aFastTest" time="0.007"/>
  <testcase classname="com.testng.Demo.TestNGDemo" name="firstCase2" time="0.004"/>
  <testcase classname="com.testng.Demo.TestNGDemo" name="firstCase1" time="0.003"/>
  <testcase classname="com.testng.Demo.TestNGDemo" name="aSlowTest" time="0.002"/>
  <testcase classname="com.testng.Demo.TestNGDemo" name="firstCase" time="0.002"/>
</testsuite> <!-- com.testng.Demo.TestNGDemo -->
