<?xml version="1.0" encoding="UTF-8"?>
<!-- Generated by org.testng.reporters.JUnitReportReporter -->
<testsuite hostname="INBOOK_X2_GEN11" failures="0" tests="3" name="com.depends.grouping.Group3" time="0.012" errors="0" timestamp="2025-11-13T11:51:00 IST" skipped="0">
  <testcase classname="com.depends.grouping.Group3" name="m1" time="0.009"/>
  <testcase classname="com.depends.grouping.Group3" name="m3" time="0.002"/>
  <testcase classname="com.depends.grouping.Group3" name="m2" time="0.001"/>
</testsuite> <!-- com.depends.grouping.Group3 -->
