<?xml version="1.0" encoding="UTF-8"?>
<!-- Generated by org.testng.reporters.JUnitReportReporter -->
<testsuite hostname="INBOOK_X2_GEN11" failures="0" tests="4" name="com.testng.Demo.TestNG2" time="0.007" errors="0" timestamp="2025-10-30T16:16:24 IST" skipped="1">
  <testcase classname="com.testng.Demo.TestNG2" name="firstCase5" time="0.003"/>
  <testcase classname="com.testng.Demo.TestNG2" name="firstCase4" time="0.003"/>
  <testcase classname="com.testng.Demo.TestNG2" name="firstCase3" time="0.001"/>
  <testcase classname="com.testng.Demo.TestNG2" name="firstCase6">
    <skipped/>
  </testcase> <!-- firstCase6 -->
</testsuite> <!-- com.testng.Demo.TestNG2 -->
