<?xml version="1.0" encoding="UTF-8"?>
<!-- Generated by org.testng.reporters.JUnitReportReporter -->
<testsuite hostname="INBOOK_X2_GEN11" failures="0" tests="4" name="com.testng.practice.Annotations" time="0.149" errors="0" timestamp="2025-11-13T11:16:22 IST" skipped="0">
  <testcase classname="com.testng.practice.Annotations" name="m5" time="0.023"/>
  <testcase classname="com.testng.practice.Annotations" name="m5" time="0.004"/>
  <testcase classname="com.testng.practice.Annotations" name="m6" time="0.095"/>
  <testcase classname="com.testng.practice.Annotations" name="m6" time="0.027"/>
</testsuite> <!-- com.testng.practice.Annotations -->
