<?xml version="1.0" encoding="UTF-8"?>
<testng-results ignored="6" total="9" passed="3" failed="0" skipped="0">
  <reporter-output>
  </reporter-output>
  <suite started-at="2025-11-13T11:51:23 IST" name="Suite" finished-at="2025-11-13T11:51:23 IST" duration-ms="71">
    <groups>
      <group name="regression">
        <method signature="Group2.m1()[pri:0, instance:com.depends.grouping.Group2@7f3b84b8]" name="m1" class="com.depends.grouping.Group2"/>
        <method signature="Group2.m2()[pri:0, instance:com.depends.grouping.Group2@7f3b84b8]" name="m2" class="com.depends.grouping.Group2"/>
        <method signature="Group2.m3()[pri:0, instance:com.depends.grouping.Group2@7f3b84b8]" name="m3" class="com.depends.grouping.Group2"/>
      </group> <!-- regression -->
    </groups>
    <test started-at="2025-11-13T11:51:23 IST" name="Test" finished-at="2025-11-13T11:51:23 IST" duration-ms="71">
      <class name="com.depends.grouping.Group2">
        <test-method signature="m1()[pri:0, instance:com.depends.grouping.Group2@7f3b84b8]" started-at="2025-11-13T11:51:23 IST" name="m1" finished-at="2025-11-13T11:51:23 IST" duration-ms="11" status="PASS">
          <reporter-output>
          </reporter-output>
        </test-method> <!-- m1 -->
        <test-method signature="m2()[pri:0, instance:com.depends.grouping.Group2@7f3b84b8]" started-at="2025-11-13T11:51:23 IST" name="m2" finished-at="2025-11-13T11:51:23 IST" duration-ms="2" status="PASS">
          <reporter-output>
          </reporter-output>
        </test-method> <!-- m2 -->
        <test-method signature="m3()[pri:0, instance:com.depends.grouping.Group2@7f3b84b8]" started-at="2025-11-13T11:51:23 IST" name="m3" finished-at="2025-11-13T11:51:23 IST" duration-ms="3" status="PASS">
          <reporter-output>
          </reporter-output>
        </test-method> <!-- m3 -->
      </class> <!-- com.depends.grouping.Group2 -->
    </test> <!-- Test -->
  </suite> <!-- Suite -->
</testng-results>
